<?xml version="1.0" encoding="UTF-8"?>
<testng-results skipped="0" failed="1" total="1" passed="0">
  <reporter-output>
  </reporter-output>
  <suite name="Default suite" duration-ms="15979" started-at="2015-12-12T08:14:38Z" finished-at="2015-12-12T08:14:54Z">
    <groups>
    </groups>
    <test name="Default test" duration-ms="15979" started-at="2015-12-12T08:14:38Z" finished-at="2015-12-12T08:14:54Z">
      <class name="com.bfm.test.bondinstr.TC_BondInstr_Success">
        <test-method status="PASS" signature="setUp()[pri:0, instance:com.bfm.test.bondinstr.TC_BondInstr_Success@1db4f6f]" name="setUp" is-config="true" duration-ms="14094" started-at="2015-12-12T16:14:38Z" finished-at="2015-12-12T16:14:52Z">
          <reporter-output>
          </reporter-output>
        </test-method> <!-- setUp -->
        <test-method status="FAIL" signature="bondInstrSuccess()[pri:0, instance:com.bfm.test.bondinstr.TC_BondInstr_Success@1db4f6f]" name="bondInstrSuccess" duration-ms="1750" started-at="2015-12-12T16:14:53Z" finished-at="2015-12-12T16:14:54Z">
          <exception class="java.lang.AssertionError">
            <message>
              <![CDATA[expected [true] but found [false]]]>
            </message>
            <full-stacktrace>
              <![CDATA[java.lang.AssertionError: expected [true] but found [false]
	at org.testng.Assert.fail(Assert.java:94)
	at org.testng.Assert.failNotEquals(Assert.java:494)
	at org.testng.Assert.assertTrue(Assert.java:42)
	at org.testng.Assert.assertTrue(Assert.java:52)
	at com.bfm.test.bondinstr.TC_BondInstr_Success.bondInstrSuccess(TC_BondInstr_Success.java:64)
	at sun.reflect.NativeMethodAccessorImpl.invoke0(Native Method)
	at sun.reflect.NativeMethodAccessorImpl.invoke(Unknown Source)
	at sun.reflect.DelegatingMethodAccessorImpl.invoke(Unknown Source)
	at java.lang.reflect.Method.invoke(Unknown Source)
	at org.testng.internal.MethodInvocationHelper.invokeMethod(MethodInvocationHelper.java:84)
	at org.testng.internal.Invoker.invokeMethod(Invoker.java:714)
	at org.testng.internal.Invoker.invokeTestMethod(Invoker.java:901)
	at org.testng.internal.Invoker.invokeTestMethods(Invoker.java:1231)
	at org.testng.internal.TestMethodWorker.invokeTestMethods(TestMethodWorker.java:127)
	at org.testng.internal.TestMethodWorker.run(TestMethodWorker.java:111)
	at org.testng.TestRunner.privateRun(TestRunner.java:767)
	at org.testng.TestRunner.run(TestRunner.java:617)
	at org.testng.SuiteRunner.runTest(SuiteRunner.java:335)
	at org.testng.SuiteRunner.runSequentially(SuiteRunner.java:330)
	at org.testng.SuiteRunner.privateRun(SuiteRunner.java:291)
	at org.testng.SuiteRunner.run(SuiteRunner.java:240)
	at org.testng.SuiteRunnerWorker.runSuite(SuiteRunnerWorker.java:52)
	at org.testng.SuiteRunnerWorker.run(SuiteRunnerWorker.java:86)
	at org.testng.TestNG.runSuitesSequentially(TestNG.java:1224)
	at org.testng.TestNG.runSuitesLocally(TestNG.java:1149)
	at org.testng.TestNG.run(TestNG.java:1057)
	at org.testng.remote.RemoteTestNG.run(RemoteTestNG.java:111)
	at org.testng.remote.RemoteTestNG.initAndRun(RemoteTestNG.java:204)
	at org.testng.remote.RemoteTestNG.main(RemoteTestNG.java:175)
]]>
            </full-stacktrace>
          </exception> <!-- java.lang.AssertionError -->
          <reporter-output>
          </reporter-output>
        </test-method> <!-- bondInstrSuccess -->
        <test-method status="PASS" signature="tearDown()[pri:0, instance:com.bfm.test.bondinstr.TC_BondInstr_Success@1db4f6f]" name="tearDown" is-config="true" duration-ms="82" started-at="2015-12-12T16:14:54Z" finished-at="2015-12-12T16:14:54Z">
          <reporter-output>
          </reporter-output>
        </test-method> <!-- tearDown -->
      </class> <!-- com.bfm.test.bondinstr.TC_BondInstr_Success -->
    </test> <!-- Default test -->
  </suite> <!-- Default suite -->
</testng-results>
